app/build/intermediates/manifest_merge_blame_file/release/manifest-merger-blame-release-report.txt
1<?xml version="1.0" encoding="utf-8"?>
2<manifest xmlns:android="http://schemas.android.com/apk/res/android"
3    package="com.ids.ict"
4    android:versionCode="49"
5    android:versionName="7.1" >
6
7    <uses-sdk
8        android:minSdkVersion="17"
8-->src\main\AndroidManifest.xml
9        android:targetSdkVersion="30" />
9-->src\main\AndroidManifest.xml
10    <!-- added for google maps -->
11    <permission
11-->src\main\AndroidManifest.xml:5:5-7:47
12        android:name="com.ids.ict.permission.MAPS_RECEIVE"
12-->src\main\AndroidManifest.xml:6:9-59
13        android:protectionLevel="signature" /> <!-- <uses-permission android:name="android.permission.READ_PHONE_STATE" /> -->
13-->src\main\AndroidManifest.xml:7:9-44
14    <uses-permission android:name="com.ids.ict.permission.MAPS_RECEIVE" />
14-->src\main\AndroidManifest.xml:8:5-75
14-->src\main\AndroidManifest.xml:8:22-72
15    <uses-permission android:name="android.permission.INTERNET" />
15-->src\main\AndroidManifest.xml:9:5-67
15-->src\main\AndroidManifest.xml:9:22-64
16    <uses-permission android:name="android.permission.WRITE_EXTERNAL_STORAGE" />
16-->src\main\AndroidManifest.xml:10:5-81
16-->src\main\AndroidManifest.xml:10:22-78
17    <uses-permission android:name="com.google.android.providers.gsf.permission.READ_GSERVICES" />
17-->src\main\AndroidManifest.xml:11:5-98
17-->src\main\AndroidManifest.xml:11:22-95
18    <uses-permission android:name="android.permission.ACCESS_COARSE_LOCATION" />
18-->src\main\AndroidManifest.xml:12:5-81
18-->src\main\AndroidManifest.xml:12:22-78
19    <uses-permission android:name="android.permission.ACCESS_FINE_LOCATION" />
19-->src\main\AndroidManifest.xml:13:5-79
19-->src\main\AndroidManifest.xml:13:22-76
20    <uses-permission android:name="android.permission.ACCESS_NETWORK_STATE" />
20-->src\main\AndroidManifest.xml:14:5-79
20-->src\main\AndroidManifest.xml:14:22-76
21    <uses-permission android:name="android.permission.ACCESS_WIFI_STATE" />
21-->src\main\AndroidManifest.xml:15:5-76
21-->src\main\AndroidManifest.xml:15:22-73
22    <uses-permission android:name="android.permission.READ_PHONE_STATE" />
22-->src\main\AndroidManifest.xml:16:5-75
22-->src\main\AndroidManifest.xml:16:22-72
23    <uses-permission android:name="android.permission.WAKE_LOCK" />
23-->src\main\AndroidManifest.xml:17:5-68
23-->src\main\AndroidManifest.xml:17:22-65
24    <uses-permission android:name="android.permission.FOREGROUND_SERVICE" />
24-->src\main\AndroidManifest.xml:18:5-76
24-->src\main\AndroidManifest.xml:18:22-74
25    <uses-permission android:name="android.permission.ACCESS_BACKGROUND_LOCATION" />
25-->src\main\AndroidManifest.xml:19:5-85
25-->src\main\AndroidManifest.xml:19:22-82
26
27    <uses-feature
27-->src\main\AndroidManifest.xml:20:5-22:35
28        android:glEsVersion="0x00020000"
28-->src\main\AndroidManifest.xml:21:9-41
29        android:required="true" /> <!--  -->
29-->src\main\AndroidManifest.xml:22:9-32
30    <!-- push notification -->
31    <uses-permission android:name="android.permission.GET_ACCOUNTS" />
31-->src\main\AndroidManifest.xml:24:5-71
31-->src\main\AndroidManifest.xml:24:22-68
32    <uses-permission android:name="android.permission.WAKE_LOCK" />
32-->src\main\AndroidManifest.xml:17:5-68
32-->src\main\AndroidManifest.xml:17:22-65
33
34    <permission
34-->src\main\AndroidManifest.xml:27:5-29:47
35        android:name="com.ids.ict.permission.C2D_MESSAGE"
35-->src\main\AndroidManifest.xml:28:9-58
36        android:protectionLevel="signature" />
36-->src\main\AndroidManifest.xml:29:9-44
37
38    <uses-permission android:name="com.ids.ict.permission.C2D_MESSAGE" />
38-->src\main\AndroidManifest.xml:31:5-74
38-->src\main\AndroidManifest.xml:31:22-71
39    <uses-permission android:name="com.google.android.c2dm.permission.RECEIVE" />
39-->src\main\AndroidManifest.xml:32:5-82
39-->src\main\AndroidManifest.xml:32:22-79
40    <uses-permission android:name="android.permission.VIBRATE" />
40-->src\main\AndroidManifest.xml:33:5-66
40-->src\main\AndroidManifest.xml:33:22-63
41    <uses-permission android:name="android.permission.CHANGE_WIFI_MULTICAST_STATE" /> <!-- FOR JOB DISPATCHER -->
41-->[com.speedchecker:android-sdk:4.2.16] AndroidManifest.xml:17:5-86
41-->[com.speedchecker:android-sdk:4.2.16] AndroidManifest.xml:17:22-83
42    <uses-permission android:name="android.permission.RECEIVE_BOOT_COMPLETED" />
42-->[com.speedchecker:android-sdk:4.2.16] AndroidManifest.xml:19:5-81
42-->[com.speedchecker:android-sdk:4.2.16] AndroidManifest.xml:19:22-78
43    <uses-permission android:name="com.google.android.finsky.permission.BIND_GET_INSTALL_REFERRER_SERVICE" />
43-->[com.google.android.gms:play-services-measurement:18.0.1] AndroidManifest.xml:26:5-110
43-->[com.google.android.gms:play-services-measurement:18.0.1] AndroidManifest.xml:26:22-107
44
45    <application
45-->src\main\AndroidManifest.xml:35:5-348:19
46        android:name="com.ids.ict.MyApplication"
46-->src\main\AndroidManifest.xml:36:9-38
47        android:allowBackup="false"
47-->src\main\AndroidManifest.xml:37:9-36
48        android:appComponentFactory="androidx.core.app.CoreComponentFactory"
48-->[androidx.core:core:1.3.0] AndroidManifest.xml:24:18-86
49        android:fullBackupContent="false"
49-->src\main\AndroidManifest.xml:39:9-42
50        android:icon="@drawable/ic_launcher"
50-->src\main\AndroidManifest.xml:40:9-45
51        android:label="@string/app_name"
51-->src\main\AndroidManifest.xml:41:9-41
52        android:largeHeap="true"
52-->src\main\AndroidManifest.xml:42:9-33
53        android:requestLegacyExternalStorage="true"
53-->src\main\AndroidManifest.xml:38:9-52
54        android:theme="@android:style/Theme.Black.NoTitleBar"
54-->src\main\AndroidManifest.xml:43:9-62
55        android:usesCleartextTraffic="true" >
55-->src\main\AndroidManifest.xml:45:9-44
56        <provider
57            android:name="androidx.core.content.FileProvider"
57-->src\main\AndroidManifest.xml:49:13-62
58            android:authorities="com.ids.ict.provider"
58-->src\main\AndroidManifest.xml:50:13-60
59            android:exported="false"
59-->src\main\AndroidManifest.xml:51:13-37
60            android:grantUriPermissions="true" >
60-->src\main\AndroidManifest.xml:52:13-47
61            <meta-data
61-->src\main\AndroidManifest.xml:53:13-55:58
62                android:name="android.support.FILE_PROVIDER_PATHS"
62-->src\main\AndroidManifest.xml:54:17-67
63                android:resource="@xml/provider_paths" />
63-->src\main\AndroidManifest.xml:55:17-55
64        </provider>
65
66        <meta-data
66-->src\main\AndroidManifest.xml:58:9-60:36
67            android:name="firebase_performance_logcat_enabled"
67-->src\main\AndroidManifest.xml:59:13-63
68            android:value="true" />
68-->src\main\AndroidManifest.xml:60:13-33
69
70        <!-- android:theme="@android:style/Theme.Black.NoTitleBar" -->
71        <activity
71-->src\main\AndroidManifest.xml:63:9-66:52
72            android:name="com.ids.ict.activities.webViewActivity"
72-->src\main\AndroidManifest.xml:64:13-55
73            android:configChanges="orientation|locale"
73-->src\main\AndroidManifest.xml:65:13-55
74            android:screenOrientation="portrait" />
74-->src\main\AndroidManifest.xml:66:13-49
75
76        <uses-library
76-->src\main\AndroidManifest.xml:68:9-70:40
77            android:name="org.apache.http.legacy"
77-->src\main\AndroidManifest.xml:69:13-50
78            android:required="false" /> <!-- notification -->
78-->src\main\AndroidManifest.xml:70:13-37
79        <!-- added for google maps -->
80        <activity
80-->src\main\AndroidManifest.xml:72:9-76:55
81            android:name="com.ids.ict.activities.QosTermsActivity"
81-->src\main\AndroidManifest.xml:73:13-56
82            android:configChanges="orientation|locale"
82-->src\main\AndroidManifest.xml:74:13-55
83            android:screenOrientation="portrait"
83-->src\main\AndroidManifest.xml:75:13-49
84            android:windowSoftInputMode="adjustPan" /> <!--  -->
84-->src\main\AndroidManifest.xml:76:13-52
85        <activity
85-->src\main\AndroidManifest.xml:77:9-88:20
86            android:name="com.ids.ict.activities.SplashActivity"
86-->src\main\AndroidManifest.xml:78:13-54
87            android:configChanges="orientation|locale"
87-->src\main\AndroidManifest.xml:79:13-55
88            android:label="@string/app_name"
88-->src\main\AndroidManifest.xml:80:13-45
89            android:screenOrientation="portrait"
89-->src\main\AndroidManifest.xml:81:13-49
90            android:theme="@android:style/Theme.NoTitleBar.Fullscreen" >
90-->src\main\AndroidManifest.xml:82:13-71
91            <intent-filter>
91-->src\main\AndroidManifest.xml:83:13-87:29
92                <action android:name="android.intent.action.MAIN" />
92-->src\main\AndroidManifest.xml:84:17-69
92-->src\main\AndroidManifest.xml:84:25-66
93
94                <category android:name="android.intent.category.LAUNCHER" />
94-->src\main\AndroidManifest.xml:86:17-77
94-->src\main\AndroidManifest.xml:86:27-74
95            </intent-filter>
96        </activity>
97        <activity
97-->src\main\AndroidManifest.xml:89:9-99:20
98            android:name="com.ids.ict.activities.HomePageActivity"
98-->src\main\AndroidManifest.xml:90:13-56
99            android:configChanges="orientation|locale"
99-->src\main\AndroidManifest.xml:91:13-55
100            android:launchMode="singleTop"
100-->src\main\AndroidManifest.xml:92:13-43
101            android:screenOrientation="portrait" >
101-->src\main\AndroidManifest.xml:93:13-49
102            <intent-filter>
102-->src\main\AndroidManifest.xml:94:13-98:29
103                <action android:name="android.intent.action.MAIN" />
103-->src\main\AndroidManifest.xml:84:17-69
103-->src\main\AndroidManifest.xml:84:25-66
104
105                <category android:name="android.intent.category.DEFAULT" />
105-->src\main\AndroidManifest.xml:97:17-76
105-->src\main\AndroidManifest.xml:97:27-73
106            </intent-filter>
107        </activity>
108        <activity
108-->src\main\AndroidManifest.xml:100:9-103:52
109            android:name="com.ids.ict.activities.LanguageActivity"
109-->src\main\AndroidManifest.xml:101:13-56
110            android:configChanges="orientation|locale"
110-->src\main\AndroidManifest.xml:102:13-55
111            android:screenOrientation="portrait" />
111-->src\main\AndroidManifest.xml:103:13-49
112        <activity
112-->src\main\AndroidManifest.xml:104:9-107:52
113            android:name="com.ids.ict.activities.AboutUsActivity"
113-->src\main\AndroidManifest.xml:105:13-55
114            android:configChanges="orientation|locale"
114-->src\main\AndroidManifest.xml:106:13-55
115            android:screenOrientation="portrait" />
115-->src\main\AndroidManifest.xml:107:13-49
116        <activity
116-->src\main\AndroidManifest.xml:108:9-111:52
117            android:name="com.ids.ict.activities.shareActivity"
117-->src\main\AndroidManifest.xml:109:13-53
118            android:configChanges="orientation|locale"
118-->src\main\AndroidManifest.xml:110:13-55
119            android:screenOrientation="portrait" />
119-->src\main\AndroidManifest.xml:111:13-49
120        <activity
120-->src\main\AndroidManifest.xml:113:9-117:55
121            android:name="com.ids.ict.activities.PermissionActivity"
121-->src\main\AndroidManifest.xml:114:13-58
122            android:configChanges="orientation|locale"
122-->src\main\AndroidManifest.xml:115:13-55
123            android:screenOrientation="portrait"
123-->src\main\AndroidManifest.xml:116:13-49
124            android:windowSoftInputMode="adjustPan" /> <!--  -->
124-->src\main\AndroidManifest.xml:117:13-52
125
126        <activity
126-->src\main\AndroidManifest.xml:119:9-122:52
127            android:name="com.ids.ict.activities.NotificationDetailsActivity"
127-->src\main\AndroidManifest.xml:120:13-67
128            android:configChanges="orientation|locale"
128-->src\main\AndroidManifest.xml:121:13-55
129            android:screenOrientation="portrait" />
129-->src\main\AndroidManifest.xml:122:13-49
130        <activity
130-->src\main\AndroidManifest.xml:123:9-126:52
131            android:name="com.ids.ict.activities.TwitterActivity"
131-->src\main\AndroidManifest.xml:124:13-55
132            android:configChanges="orientation|locale"
132-->src\main\AndroidManifest.xml:125:13-55
133            android:screenOrientation="portrait" />
133-->src\main\AndroidManifest.xml:126:13-49
134        <activity
134-->src\main\AndroidManifest.xml:127:9-131:64
135            android:name="com.ids.ict.activities.CodeActivity"
135-->src\main\AndroidManifest.xml:128:13-52
136            android:configChanges="orientation|locale"
136-->src\main\AndroidManifest.xml:129:13-55
137            android:screenOrientation="portrait"
137-->src\main\AndroidManifest.xml:130:13-49
138            android:windowSoftInputMode="stateAlwaysVisible" />
138-->src\main\AndroidManifest.xml:131:13-61
139        <activity
139-->src\main\AndroidManifest.xml:132:9-136:64
140            android:name="com.ids.ict.activities.CodeNewActivity"
140-->src\main\AndroidManifest.xml:133:13-55
141            android:configChanges="orientation|locale"
141-->src\main\AndroidManifest.xml:134:13-55
142            android:screenOrientation="portrait"
142-->src\main\AndroidManifest.xml:135:13-49
143            android:windowSoftInputMode="stateAlwaysVisible" />
143-->src\main\AndroidManifest.xml:136:13-61
144        <activity
144-->src\main\AndroidManifest.xml:137:9-140:52
145            android:name="com.ids.ict.activities.FaqActivity"
145-->src\main\AndroidManifest.xml:138:13-51
146            android:configChanges="orientation|locale"
146-->src\main\AndroidManifest.xml:139:13-55
147            android:screenOrientation="portrait" />
147-->src\main\AndroidManifest.xml:140:13-49
148        <activity
148-->src\main\AndroidManifest.xml:141:9-144:52
149            android:name="com.ids.ict.activities.SendReportActivity"
149-->src\main\AndroidManifest.xml:142:13-58
150            android:configChanges="orientation|locale"
150-->src\main\AndroidManifest.xml:143:13-55
151            android:screenOrientation="portrait" />
151-->src\main\AndroidManifest.xml:144:13-49
152        <activity
152-->src\main\AndroidManifest.xml:145:9-148:52
153            android:name="com.ids.ict.activities.FailedReportActivity"
153-->src\main\AndroidManifest.xml:146:13-60
154            android:configChanges="orientation|locale"
154-->src\main\AndroidManifest.xml:147:13-55
155            android:screenOrientation="portrait" />
155-->src\main\AndroidManifest.xml:148:13-49
156        <activity
156-->src\main\AndroidManifest.xml:149:9-153:55
157            android:name="com.ids.ict.activities.AboutUsPagination"
157-->src\main\AndroidManifest.xml:150:13-57
158            android:configChanges="orientation|locale"
158-->src\main\AndroidManifest.xml:151:13-55
159            android:screenOrientation="portrait"
159-->src\main\AndroidManifest.xml:152:13-49
160            android:theme="@style/StyledIndicators" />
160-->src\main\AndroidManifest.xml:153:13-52
161        <activity
161-->src\main\AndroidManifest.xml:154:9-157:52
162            android:name="com.ids.ict.activities.ReportDetailsActivity"
162-->src\main\AndroidManifest.xml:155:13-61
163            android:configChanges="orientation|locale"
163-->src\main\AndroidManifest.xml:156:13-55
164            android:screenOrientation="portrait" />
164-->src\main\AndroidManifest.xml:157:13-49
165        <activity
165-->src\main\AndroidManifest.xml:158:9-161:52
166            android:name="com.ids.ict.activities.NotificationListActivity"
166-->src\main\AndroidManifest.xml:159:13-64
167            android:configChanges="orientation|locale"
167-->src\main\AndroidManifest.xml:160:13-55
168            android:screenOrientation="portrait" />
168-->src\main\AndroidManifest.xml:161:13-49
169        <activity
169-->src\main\AndroidManifest.xml:162:9-165:52
170            android:name="com.ids.ict.activities.ComplaintActivity"
170-->src\main\AndroidManifest.xml:163:13-57
171            android:configChanges="orientation|locale"
171-->src\main\AndroidManifest.xml:164:13-55
172            android:screenOrientation="portrait" />
172-->src\main\AndroidManifest.xml:165:13-49
173        <activity
173-->src\main\AndroidManifest.xml:166:9-169:52
174            android:name="com.ids.ict.activities.CoomplaintActivityOld"
174-->src\main\AndroidManifest.xml:167:13-61
175            android:configChanges="orientation|locale"
175-->src\main\AndroidManifest.xml:168:13-55
176            android:screenOrientation="portrait" />
176-->src\main\AndroidManifest.xml:169:13-49
177        <activity
177-->src\main\AndroidManifest.xml:170:9-174:55
178            android:name="com.ids.ict.activities.ComplainFormActivity"
178-->src\main\AndroidManifest.xml:171:13-60
179            android:configChanges="orientation|locale"
179-->src\main\AndroidManifest.xml:172:13-55
180            android:screenOrientation="portrait"
180-->src\main\AndroidManifest.xml:173:13-49
181            android:windowSoftInputMode="adjustPan" />
181-->src\main\AndroidManifest.xml:174:13-52
182        <activity
182-->src\main\AndroidManifest.xml:175:9-178:52
183            android:name="com.ids.ict.classes.ArReportsNotificationListActivity"
183-->src\main\AndroidManifest.xml:176:13-70
184            android:configChanges="orientation|locale"
184-->src\main\AndroidManifest.xml:177:13-55
185            android:screenOrientation="portrait" />
185-->src\main\AndroidManifest.xml:178:13-49
186        <activity
186-->src\main\AndroidManifest.xml:179:9-183:63
187            android:name="com.ids.ict.activities.ArreportActivity"
187-->src\main\AndroidManifest.xml:180:13-56
188            android:configChanges="orientation|locale"
188-->src\main\AndroidManifest.xml:181:13-55
189            android:screenOrientation="portrait"
189-->src\main\AndroidManifest.xml:182:13-49
190            android:windowSoftInputMode="stateAlwaysHidden" />
190-->src\main\AndroidManifest.xml:183:13-60
191        <activity
191-->src\main\AndroidManifest.xml:184:9-187:52
192            android:name="com.ids.ict.classes.ArReportsListActivity"
192-->src\main\AndroidManifest.xml:185:13-58
193            android:configChanges="orientation|locale"
193-->src\main\AndroidManifest.xml:186:13-55
194            android:screenOrientation="portrait" />
194-->src\main\AndroidManifest.xml:187:13-49
195        <activity
195-->src\main\AndroidManifest.xml:188:9-192:52
196            android:name="com.ids.ict.activities.MainActivity"
196-->src\main\AndroidManifest.xml:189:13-52
197            android:configChanges="orientation|locale"
197-->src\main\AndroidManifest.xml:190:13-55
198            android:launchMode="singleTop"
198-->src\main\AndroidManifest.xml:191:13-43
199            android:screenOrientation="portrait" />
199-->src\main\AndroidManifest.xml:192:13-49
200        <activity
200-->src\main\AndroidManifest.xml:193:9-196:52
201            android:name="com.ids.ict.activities.ReportFailActivity"
201-->src\main\AndroidManifest.xml:194:13-58
202            android:configChanges="orientation|locale"
202-->src\main\AndroidManifest.xml:195:13-55
203            android:screenOrientation="portrait" />
203-->src\main\AndroidManifest.xml:196:13-49
204        <activity
204-->src\main\AndroidManifest.xml:197:9-200:52
205            android:name="com.ids.ict.activities.Facebook1Activity"
205-->src\main\AndroidManifest.xml:198:13-57
206            android:configChanges="orientation|locale"
206-->src\main\AndroidManifest.xml:199:13-55
207            android:screenOrientation="portrait" />
207-->src\main\AndroidManifest.xml:200:13-49
208        <activity
208-->src\main\AndroidManifest.xml:201:9-204:52
209            android:name="com.ids.ict.activities.FacebookActivity"
209-->src\main\AndroidManifest.xml:202:13-56
210            android:configChanges="orientation|locale"
210-->src\main\AndroidManifest.xml:203:13-55
211            android:screenOrientation="portrait" />
211-->src\main\AndroidManifest.xml:204:13-49
212        <activity
212-->src\main\AndroidManifest.xml:205:9-208:52
213            android:name="com.ids.ict.activities.SuccessReportConfirmActivity"
213-->src\main\AndroidManifest.xml:206:13-68
214            android:configChanges="orientation|locale"
214-->src\main\AndroidManifest.xml:207:13-55
215            android:screenOrientation="portrait" />
215-->src\main\AndroidManifest.xml:208:13-49
216        <activity
216-->src\main\AndroidManifest.xml:209:9-212:52
217            android:name="com.ids.ict.classes.ReportsListActivity"
217-->src\main\AndroidManifest.xml:210:13-56
218            android:configChanges="orientation|locale"
218-->src\main\AndroidManifest.xml:211:13-55
219            android:screenOrientation="portrait" />
219-->src\main\AndroidManifest.xml:212:13-49
220        <activity
220-->src\main\AndroidManifest.xml:213:9-216:52
221            android:name="com.ids.ict.classes.ReportsNotificationListActivity"
221-->src\main\AndroidManifest.xml:214:13-68
222            android:configChanges="orientation|locale"
222-->src\main\AndroidManifest.xml:215:13-55
223            android:screenOrientation="portrait" />
223-->src\main\AndroidManifest.xml:216:13-49
224        <activity
224-->src\main\AndroidManifest.xml:217:9-221:52
225            android:name="com.ids.ict.activities.SettingsNewActivity"
225-->src\main\AndroidManifest.xml:218:13-59
226            android:configChanges="orientation|locale"
226-->src\main\AndroidManifest.xml:219:13-55
227            android:screenOrientation="portrait"
227-->src\main\AndroidManifest.xml:221:13-49
228            android:windowSoftInputMode="stateAlwaysHidden" />
228-->src\main\AndroidManifest.xml:220:13-60
229        <activity
229-->src\main\AndroidManifest.xml:222:9-225:52
230            android:name="com.ids.ict.activities.TermsActivity"
230-->src\main\AndroidManifest.xml:223:13-53
231            android:configChanges="orientation|locale"
231-->src\main\AndroidManifest.xml:224:13-55
232            android:screenOrientation="portrait" />
232-->src\main\AndroidManifest.xml:225:13-49
233        <activity
233-->src\main\AndroidManifest.xml:226:9-230:64
234            android:name="com.ids.ict.activities.RegisterActivity"
234-->src\main\AndroidManifest.xml:227:13-56
235            android:configChanges="orientation|locale"
235-->src\main\AndroidManifest.xml:228:13-55
236            android:screenOrientation="portrait"
236-->src\main\AndroidManifest.xml:229:13-49
237            android:windowSoftInputMode="stateAlwaysVisible" />
237-->src\main\AndroidManifest.xml:230:13-61
238        <activity
238-->src\main\AndroidManifest.xml:231:9-236:63
239            android:name="com.ids.ict.activities.LoginNewActivity"
239-->src\main\AndroidManifest.xml:232:13-56
240            android:configChanges="orientation|locale"
240-->src\main\AndroidManifest.xml:233:13-55
241            android:screenOrientation="portrait"
241-->src\main\AndroidManifest.xml:234:13-49
242            android:windowSoftInputMode="stateAlwaysHidden" />
242-->src\main\AndroidManifest.xml:236:13-60
243        <!-- android:theme="@style/Theme.AppCompat.Light" -->
244
245        <activity
245-->src\main\AndroidManifest.xml:239:9-243:63
246            android:name="com.ids.ict.activities.reportActivity"
246-->src\main\AndroidManifest.xml:240:13-54
247            android:configChanges="orientation|locale"
247-->src\main\AndroidManifest.xml:241:13-55
248            android:screenOrientation="portrait"
248-->src\main\AndroidManifest.xml:242:13-49
249            android:windowSoftInputMode="stateAlwaysHidden" />
249-->src\main\AndroidManifest.xml:243:13-60
250        <activity
250-->src\main\AndroidManifest.xml:244:9-247:52
251            android:name="com.ids.ict.activities.SpeedTestActivity"
251-->src\main\AndroidManifest.xml:245:13-57
252            android:configChanges="orientation|locale"
252-->src\main\AndroidManifest.xml:246:13-55
253            android:screenOrientation="portrait" />
253-->src\main\AndroidManifest.xml:247:13-49
254        <activity
254-->src\main\AndroidManifest.xml:248:9-251:52
255            android:name="com.ids.ict.activities.MoreActivity"
255-->src\main\AndroidManifest.xml:249:13-52
256            android:configChanges="orientation|locale"
256-->src\main\AndroidManifest.xml:250:13-55
257            android:screenOrientation="portrait" />
257-->src\main\AndroidManifest.xml:251:13-49
258        <activity
258-->src\main\AndroidManifest.xml:252:9-255:52
259            android:name="com.ids.ict.activities.toMoreActivity"
259-->src\main\AndroidManifest.xml:253:13-54
260            android:configChanges="orientation|locale"
260-->src\main\AndroidManifest.xml:254:13-55
261            android:screenOrientation="portrait" />
261-->src\main\AndroidManifest.xml:255:13-49
262        <activity
262-->src\main\AndroidManifest.xml:256:9-259:52
263            android:name="com.ids.ict.activities.ConsumerActivity"
263-->src\main\AndroidManifest.xml:257:13-56
264            android:configChanges="orientation|locale"
264-->src\main\AndroidManifest.xml:258:13-55
265            android:screenOrientation="portrait" />
265-->src\main\AndroidManifest.xml:259:13-49
266        <activity
266-->src\main\AndroidManifest.xml:260:9-263:52
267            android:name="com.ids.ict.activities.MyLocationActivity"
267-->src\main\AndroidManifest.xml:261:13-58
268            android:configChanges="orientation|locale"
268-->src\main\AndroidManifest.xml:262:13-55
269            android:screenOrientation="portrait" />
269-->src\main\AndroidManifest.xml:263:13-49
270        <activity
270-->src\main\AndroidManifest.xml:264:9-267:52
271            android:name="com.ids.ict.activities.SpeedTestNewActivity"
271-->src\main\AndroidManifest.xml:265:13-60
272            android:configChanges="orientation|locale"
272-->src\main\AndroidManifest.xml:266:13-55
273            android:screenOrientation="portrait" />
273-->src\main\AndroidManifest.xml:267:13-49
274        <activity
274-->src\main\AndroidManifest.xml:268:9-272:55
275            android:name="com.ids.ict.activities.SpeedTestFormActivity"
275-->src\main\AndroidManifest.xml:269:13-61
276            android:configChanges="orientation|locale"
276-->src\main\AndroidManifest.xml:270:13-55
277            android:screenOrientation="portrait"
277-->src\main\AndroidManifest.xml:271:13-49
278            android:windowSoftInputMode="adjustPan" />
278-->src\main\AndroidManifest.xml:272:13-52
279        <activity
279-->src\main\AndroidManifest.xml:273:9-277:55
280            android:name="com.ids.ict.activities.PopUpTicketActivity"
280-->src\main\AndroidManifest.xml:274:13-59
281            android:configChanges="orientation|screenSize"
281-->src\main\AndroidManifest.xml:275:13-59
282            android:theme="@android:style/Theme.Dialog"
282-->src\main\AndroidManifest.xml:276:13-56
283            android:windowSoftInputMode="adjustPan" />
283-->src\main\AndroidManifest.xml:277:13-52
284        <activity
284-->src\main\AndroidManifest.xml:278:9-281:59
285            android:name="com.ids.ict.activities.PopUpImageActivity"
285-->src\main\AndroidManifest.xml:279:13-58
286            android:configChanges="orientation|screenSize"
286-->src\main\AndroidManifest.xml:280:13-59
287            android:theme="@android:style/Theme.Dialog" />
287-->src\main\AndroidManifest.xml:281:13-56
288        <activity
288-->src\main\AndroidManifest.xml:282:9-285:52
289            android:name="com.ids.ict.activities.TermsConditionsPopup"
289-->src\main\AndroidManifest.xml:283:13-60
290            android:configChanges="orientation|locale"
290-->src\main\AndroidManifest.xml:284:13-55
291            android:screenOrientation="portrait" />
291-->src\main\AndroidManifest.xml:285:13-49
292
293        <meta-data
293-->src\main\AndroidManifest.xml:287:9-289:71
294            android:name="com.google.android.maps.v2.API_KEY"
294-->src\main\AndroidManifest.xml:288:13-62
295            android:value="AIzaSyBXLAbAqDkUOtnh8D_yu7Zr8rRDlwN6iTY" />
295-->src\main\AndroidManifest.xml:289:13-68
296        <meta-data
296-->src\main\AndroidManifest.xml:291:9-293:69
297            android:name="com.google.android.gms.version"
297-->src\main\AndroidManifest.xml:292:13-58
298            android:value="@integer/google_play_services_version" />
298-->src\main\AndroidManifest.xml:293:13-66
299
300        <receiver
300-->src\main\AndroidManifest.xml:295:9-304:20
301            android:name="com.ids.ict.classes.InternetReceiver"
301-->src\main\AndroidManifest.xml:296:13-53
302            android:enabled="true" >
302-->src\main\AndroidManifest.xml:297:13-35
303            <intent-filter>
303-->src\main\AndroidManifest.xml:298:13-303:29
304
305                <!-- Intent filters for broadcast receiver -->
306                <action android:name="android.net.conn.CONNECTIVITY_CHANGE" />
306-->src\main\AndroidManifest.xml:301:17-79
306-->src\main\AndroidManifest.xml:301:25-76
307                <action android:name="com.ids.ict.classes.InternetReceiver" />
307-->src\main\AndroidManifest.xml:302:17-79
307-->src\main\AndroidManifest.xml:302:25-76
308            </intent-filter>
309        </receiver> <!-- for notification -->
310
311        <service android:name="com.ids.ict.MyFirebaseMessagingService" >
311-->src\main\AndroidManifest.xml:306:9-310:19
311-->src\main\AndroidManifest.xml:306:18-60
312            <intent-filter>
312-->src\main\AndroidManifest.xml:307:13-309:29
313                <action android:name="com.google.firebase.MESSAGING_EVENT" />
313-->src\main\AndroidManifest.xml:308:17-78
313-->src\main\AndroidManifest.xml:308:25-75
314            </intent-filter>
315        </service>
316        <service android:name="com.ids.ict.MyFirebaseInstanceIDService" >
316-->src\main\AndroidManifest.xml:312:9-316:19
316-->src\main\AndroidManifest.xml:312:18-61
317            <intent-filter>
317-->src\main\AndroidManifest.xml:313:13-315:29